[2025-03-05T23:22:01.354+0000] {local_task_job_runner.py:123} INFO - ::group::Pre task execution logs
[2025-03-05T23:22:01.359+0000] {taskinstance.py:2612} INFO - Dependencies all met for dep_context=non-requeueable deps ti=<TaskInstance: forecast_stock_price.predict manual__2025-03-05T23:20:31.617303+00:00 [queued]>
[2025-03-05T23:22:01.362+0000] {taskinstance.py:2612} INFO - Dependencies all met for dep_context=requeueable deps ti=<TaskInstance: forecast_stock_price.predict manual__2025-03-05T23:20:31.617303+00:00 [queued]>
[2025-03-05T23:22:01.362+0000] {taskinstance.py:2865} INFO - Starting attempt 1 of 1
[2025-03-05T23:22:01.366+0000] {taskinstance.py:2888} INFO - Executing <Task(_PythonDecoratedOperator): predict> on 2025-03-05 23:20:31.617303+00:00
[2025-03-05T23:22:01.371+0000] {logging_mixin.py:190} WARNING - /home/***/.local/lib/python3.12/site-packages/***/task/task_runner/standard_task_runner.py:70 DeprecationWarning: This process (pid=531) is multi-threaded, use of fork() may lead to deadlocks in the child.
[2025-03-05T23:22:01.369+0000] {standard_task_runner.py:104} INFO - Running: ['***', 'tasks', 'run', 'forecast_stock_price', 'predict', 'manual__2025-03-05T23:20:31.617303+00:00', '--job-id', '74', '--raw', '--subdir', 'DAGS_FOLDER/forecast_stock_price.py', '--cfg-path', '/tmp/tmpuf9y0185']
[2025-03-05T23:22:01.371+0000] {standard_task_runner.py:105} INFO - Job 74: Subtask predict
[2025-03-05T23:22:01.371+0000] {standard_task_runner.py:72} INFO - Started process 534 to run task
[2025-03-05T23:22:01.388+0000] {task_command.py:467} INFO - Running <TaskInstance: forecast_stock_price.predict manual__2025-03-05T23:20:31.617303+00:00 [running]> on host 01071d25f042
[2025-03-05T23:22:01.415+0000] {taskinstance.py:3131} INFO - Exporting env vars: AIRFLOW_CTX_DAG_OWNER='***' AIRFLOW_CTX_DAG_ID='forecast_stock_price' AIRFLOW_CTX_TASK_ID='predict' AIRFLOW_CTX_EXECUTION_DATE='2025-03-05T23:20:31.617303+00:00' AIRFLOW_CTX_TRY_NUMBER='1' AIRFLOW_CTX_DAG_RUN_ID='manual__2025-03-05T23:20:31.617303+00:00'
[2025-03-05T23:22:01.415+0000] {taskinstance.py:731} INFO - ::endgroup::
[2025-03-05T23:22:01.418+0000] {connection.py:413} INFO - Snowflake Connector for Python Version: 3.12.1, Python Version: 3.12.5, Platform: Linux-6.10.14-linuxkit-aarch64-with-glibc2.36
[2025-03-05T23:22:01.419+0000] {connection.py:1196} INFO - Connecting to GLOBAL Snowflake domain
[2025-03-05T23:22:01.419+0000] {connection.py:1277} INFO - This connection is in OCSP Fail Open Mode. TLS Certificates would be checked for validity and revocation status. Any other Certificate Revocation related exceptions or OCSP Responder failures would be disregarded in favor of connectivity.
[2025-03-05T23:22:17.748+0000] {cursor.py:1156} INFO - Number of results in first chunk: 1
[2025-03-05T23:22:18.559+0000] {cursor.py:1156} INFO - Number of results in first chunk: 1
[2025-03-05T23:22:18.561+0000] {python.py:240} INFO - Done. Returned value was: None
[2025-03-05T23:22:18.584+0000] {taskinstance.py:340} INFO - ::group::Post task execution logs
[2025-03-05T23:22:18.585+0000] {taskinstance.py:352} INFO - Marking task as SUCCESS. dag_id=forecast_stock_price, task_id=predict, run_id=manual__2025-03-05T23:20:31.617303+00:00, execution_date=20250305T232031, start_date=20250305T232201, end_date=20250305T232218
[2025-03-05T23:22:18.620+0000] {local_task_job_runner.py:266} INFO - Task exited with return code 0
[2025-03-05T23:22:18.634+0000] {taskinstance.py:3900} INFO - 0 downstream tasks scheduled from follow-on schedule check
[2025-03-05T23:22:18.635+0000] {local_task_job_runner.py:245} INFO - ::endgroup::
