[2025-03-05T23:18:53.847+0000] {local_task_job_runner.py:123} INFO - ::group::Pre task execution logs
[2025-03-05T23:18:53.858+0000] {taskinstance.py:2612} INFO - Dependencies all met for dep_context=non-requeueable deps ti=<TaskInstance: daily_stock_price.load_data manual__2025-03-05T23:18:52.516390+00:00 [queued]>
[2025-03-05T23:18:53.863+0000] {taskinstance.py:2612} INFO - Dependencies all met for dep_context=requeueable deps ti=<TaskInstance: daily_stock_price.load_data manual__2025-03-05T23:18:52.516390+00:00 [queued]>
[2025-03-05T23:18:53.863+0000] {taskinstance.py:2865} INFO - Starting attempt 1 of 2
[2025-03-05T23:18:53.870+0000] {taskinstance.py:2888} INFO - Executing <Task(PythonOperator): load_data> on 2025-03-05 23:18:52.516390+00:00
[2025-03-05T23:18:53.876+0000] {logging_mixin.py:190} WARNING - /home/***/.local/lib/python3.12/site-packages/***/task/task_runner/standard_task_runner.py:70 DeprecationWarning: This process (pid=353) is multi-threaded, use of fork() may lead to deadlocks in the child.
[2025-03-05T23:18:53.875+0000] {standard_task_runner.py:104} INFO - Running: ['***', 'tasks', 'run', 'daily_stock_price', 'load_data', 'manual__2025-03-05T23:18:52.516390+00:00', '--job-id', '66', '--raw', '--subdir', 'DAGS_FOLDER/daily_stock_price.py', '--cfg-path', '/tmp/tmpw9twjvm8']
[2025-03-05T23:18:53.877+0000] {standard_task_runner.py:72} INFO - Started process 356 to run task
[2025-03-05T23:18:53.877+0000] {standard_task_runner.py:105} INFO - Job 66: Subtask load_data
[2025-03-05T23:18:53.907+0000] {task_command.py:467} INFO - Running <TaskInstance: daily_stock_price.load_data manual__2025-03-05T23:18:52.516390+00:00 [running]> on host 01071d25f042
[2025-03-05T23:18:53.942+0000] {taskinstance.py:3131} INFO - Exporting env vars: AIRFLOW_CTX_DAG_OWNER='***' AIRFLOW_CTX_DAG_ID='daily_stock_price' AIRFLOW_CTX_TASK_ID='load_data' AIRFLOW_CTX_EXECUTION_DATE='2025-03-05T23:18:52.516390+00:00' AIRFLOW_CTX_TRY_NUMBER='1' AIRFLOW_CTX_DAG_RUN_ID='manual__2025-03-05T23:18:52.516390+00:00'
[2025-03-05T23:18:53.943+0000] {taskinstance.py:731} INFO - ::endgroup::
[2025-03-05T23:18:53.949+0000] {connection.py:413} INFO - Snowflake Connector for Python Version: 3.12.1, Python Version: 3.12.5, Platform: Linux-6.10.14-linuxkit-aarch64-with-glibc2.36
[2025-03-05T23:18:53.950+0000] {connection.py:1196} INFO - Connecting to GLOBAL Snowflake domain
[2025-03-05T23:18:53.950+0000] {connection.py:1277} INFO - This connection is in OCSP Fail Open Mode. TLS Certificates would be checked for validity and revocation status. Any other Certificate Revocation related exceptions or OCSP Responder failures would be disregarded in favor of connectivity.
[2025-03-05T23:18:54.594+0000] {cursor.py:1156} INFO - Number of results in first chunk: 1
[2025-03-05T23:18:54.596+0000] {logging_mixin.py:190} INFO - YF.download() has changed argument auto_adjust default to True
[2025-03-05T23:19:24.686+0000] {multi.py:181} ERROR - 
1 Failed download:
[2025-03-05T23:19:24.689+0000] {multi.py:194} ERROR - ['TSLA']: ReadTimeout(ReadTimeoutError("HTTPSConnectionPool(host='query1.finance.yahoo.com', port=443): Read timed out. (read timeout=30)"))
[2025-03-05T23:19:24.906+0000] {cursor.py:1156} INFO - Number of results in first chunk: 1
[2025-03-05T23:19:24.908+0000] {cursor.py:1359} WARNING - No parameters provided to executemany, returning without doing anything.
[2025-03-05T23:19:25.035+0000] {cursor.py:1156} INFO - Number of results in first chunk: 1
[2025-03-05T23:19:25.036+0000] {logging_mixin.py:190} INFO - Inserted new rows.
[2025-03-05T23:19:25.401+0000] {cursor.py:1156} INFO - Number of results in first chunk: 1
[2025-03-05T23:19:26.949+0000] {multi.py:181} ERROR - 
1 Failed download:
[2025-03-05T23:19:26.950+0000] {multi.py:194} ERROR - ['SPY']: YFPricesMissingError('possibly delisted; no price data found  (1d 2025-03-06 -> 2025-03-05 23:19:25.404140) (Yahoo error = "Invalid input - start date cannot be after end date. startDate = 1741237200, endDate = 1741234765")')
[2025-03-05T23:19:27.248+0000] {cursor.py:1156} INFO - Number of results in first chunk: 1
[2025-03-05T23:19:27.250+0000] {cursor.py:1359} WARNING - No parameters provided to executemany, returning without doing anything.
[2025-03-05T23:19:27.423+0000] {cursor.py:1156} INFO - Number of results in first chunk: 1
[2025-03-05T23:19:27.424+0000] {logging_mixin.py:190} INFO - Inserted new rows.
[2025-03-05T23:19:27.424+0000] {python.py:240} INFO - Done. Returned value was: None
[2025-03-05T23:19:27.438+0000] {taskinstance.py:340} INFO - ::group::Post task execution logs
[2025-03-05T23:19:27.439+0000] {taskinstance.py:352} INFO - Marking task as SUCCESS. dag_id=daily_stock_price, task_id=load_data, run_id=manual__2025-03-05T23:18:52.516390+00:00, execution_date=20250305T231852, start_date=20250305T231853, end_date=20250305T231927
[2025-03-05T23:19:27.461+0000] {local_task_job_runner.py:266} INFO - Task exited with return code 0
[2025-03-05T23:19:27.479+0000] {taskinstance.py:3900} INFO - 1 downstream tasks scheduled from follow-on schedule check
[2025-03-05T23:19:27.480+0000] {local_task_job_runner.py:245} INFO - ::endgroup::
